  [1m[35m (0.1ms)[0m  [1m[34mSELECT sqlite_version(*)[0m
  ↳ /usr/lib/ruby/vendor_ruby/rake/task.rb:271
  [1m[35m (115.8ms)[0m  [1m[35mCREATE TABLE "schema_migrations" ("version" varchar NOT NULL PRIMARY KEY)[0m
  ↳ /usr/lib/ruby/vendor_ruby/rake/task.rb:271
  [1m[35m (110.4ms)[0m  [1m[35mCREATE TABLE "ar_internal_metadata" ("key" varchar NOT NULL PRIMARY KEY, "value" varchar, "created_at" datetime NOT NULL, "updated_at" datetime NOT NULL)[0m
  ↳ /usr/lib/ruby/vendor_ruby/rake/task.rb:271
  [1m[35m (0.3ms)[0m  [1m[34mSELECT "schema_migrations"."version" FROM "schema_migrations" ORDER BY "schema_migrations"."version" ASC[0m
  ↳ /usr/lib/ruby/vendor_ruby/rake/task.rb:271
Migrating to CreateFilmes (20181021174538)
  [1m[35m (0.1ms)[0m  [1m[36mbegin transaction[0m
  ↳ /usr/lib/ruby/vendor_ruby/rake/task.rb:271
  [1m[35m (1.6ms)[0m  [1m[35mCREATE TABLE "filmes" ("id" integer PRIMARY KEY AUTOINCREMENT NOT NULL, "titulo" varchar, "created_by" varchar, "created_at" datetime NOT NULL, "updated_at" datetime NOT NULL)[0m
  ↳ db/migrate/20181021174538_create_filmes.rb:3
  [1m[36mActiveRecord::SchemaMigration Create (0.2ms)[0m  [1m[32mINSERT INTO "schema_migrations" ("version") VALUES (?)[0m  [["version", "20181021174538"]]
  ↳ /usr/lib/ruby/vendor_ruby/rake/task.rb:271
  [1m[35m (109.6ms)[0m  [1m[36mcommit transaction[0m
  ↳ /usr/lib/ruby/vendor_ruby/rake/task.rb:271
  [1m[36mActiveRecord::InternalMetadata Load (0.5ms)[0m  [1m[34mSELECT  "ar_internal_metadata".* FROM "ar_internal_metadata" WHERE "ar_internal_metadata"."key" = ? LIMIT ?[0m  [["key", "environment"], ["LIMIT", 1]]
  ↳ /usr/lib/ruby/vendor_ruby/rake/task.rb:271
  [1m[35m (0.2ms)[0m  [1m[36mbegin transaction[0m
  ↳ /usr/lib/ruby/vendor_ruby/rake/task.rb:271
  [1m[36mActiveRecord::InternalMetadata Create (0.8ms)[0m  [1m[32mINSERT INTO "ar_internal_metadata" ("key", "value", "created_at", "updated_at") VALUES (?, ?, ?, ?)[0m  [["key", "environment"], ["value", "development"], ["created_at", "2018-10-21 17:49:44.652342"], ["updated_at", "2018-10-21 17:49:44.652342"]]
  ↳ /usr/lib/ruby/vendor_ruby/rake/task.rb:271
  [1m[35m (65.4ms)[0m  [1m[36mcommit transaction[0m
  ↳ /usr/lib/ruby/vendor_ruby/rake/task.rb:271
  [1m[35m (0.4ms)[0m  [1m[34mSELECT "schema_migrations"."version" FROM "schema_migrations" ORDER BY "schema_migrations"."version" ASC[0m
  ↳ /usr/lib/ruby/vendor_ruby/rake/task.rb:271
Started GET "/filmes" for 127.0.0.1 at 2018-10-21 15:26:49 -0300
  [1m[35m (0.1ms)[0m  [1m[34mSELECT "schema_migrations"."version" FROM "schema_migrations" ORDER BY "schema_migrations"."version" ASC[0m
  ↳ /var/lib/gems/2.5.0/gems/activerecord-5.2.1/lib/active_record/log_subscriber.rb:98
Processing by FilmesController#index as HTML
Completed 500 Internal Server Error in 87ms (ActiveRecord: 0.0ms)


  
NameError (undefined local variable or method `filmes' for #<FilmesController:0x0000561570d3fe10>
Did you mean?  filmes_url):
  
app/controllers/filmes_controller.rb:6:in `index'
Started GET "/favicon.ico" for 127.0.0.1 at 2018-10-21 15:26:50 -0300
  
ActionController::RoutingError (No route matches [GET] "/favicon.ico"):
  
actionpack (5.2.1) lib/action_dispatch/middleware/debug_exceptions.rb:65:in `call'
actionpack (5.2.1) lib/action_dispatch/middleware/show_exceptions.rb:33:in `call'
railties (5.2.1) lib/rails/rack/logger.rb:38:in `call_app'
railties (5.2.1) lib/rails/rack/logger.rb:26:in `block in call'
activesupport (5.2.1) lib/active_support/tagged_logging.rb:71:in `block in tagged'
activesupport (5.2.1) lib/active_support/tagged_logging.rb:28:in `tagged'
activesupport (5.2.1) lib/active_support/tagged_logging.rb:71:in `tagged'
railties (5.2.1) lib/rails/rack/logger.rb:26:in `call'
actionpack (5.2.1) lib/action_dispatch/middleware/remote_ip.rb:81:in `call'
actionpack (5.2.1) lib/action_dispatch/middleware/request_id.rb:27:in `call'
rack (2.0.5) lib/rack/runtime.rb:22:in `call'
activesupport (5.2.1) lib/active_support/cache/strategy/local_cache_middleware.rb:29:in `call'
actionpack (5.2.1) lib/action_dispatch/middleware/executor.rb:14:in `call'
actionpack (5.2.1) lib/action_dispatch/middleware/static.rb:127:in `call'
rack (2.0.5) lib/rack/sendfile.rb:111:in `call'
railties (5.2.1) lib/rails/engine.rb:524:in `call'
puma (3.12.0) lib/puma/configuration.rb:225:in `call'
puma (3.12.0) lib/puma/server.rb:658:in `handle_request'
puma (3.12.0) lib/puma/server.rb:472:in `process_client'
puma (3.12.0) lib/puma/server.rb:332:in `block in run'
puma (3.12.0) lib/puma/thread_pool.rb:133:in `block in spawn_thread'
Started GET "/filmes" for 127.0.0.1 at 2018-10-21 15:28:53 -0300
  [1m[35m (0.1ms)[0m  [1m[34mSELECT "schema_migrations"."version" FROM "schema_migrations" ORDER BY "schema_migrations"."version" ASC[0m
  ↳ /var/lib/gems/2.5.0/gems/activerecord-5.2.1/lib/active_record/log_subscriber.rb:98
Processing by FilmesController#index as HTML
Completed 200 OK in 0ms (Views: 0.1ms | ActiveRecord: 0.0ms)


Started GET "/filmes" for 127.0.0.1 at 2018-10-21 15:29:55 -0300
  [1m[35m (0.1ms)[0m  [1m[34mSELECT "schema_migrations"."version" FROM "schema_migrations" ORDER BY "schema_migrations"."version" ASC[0m
  ↳ /var/lib/gems/2.5.0/gems/activerecord-5.2.1/lib/active_record/log_subscriber.rb:98
Processing by FilmesController#index as HTML
Completed 500 Internal Server Error in 49ms (ActiveRecord: 0.0ms)


  
NoMethodError (undefined method `new' for #<FilmesController:0x00007f68f0695e50>):
  
app/controllers/filmes_controller.rb:6:in `index'
Started GET "/filmes" for 127.0.0.1 at 2018-10-21 15:31:23 -0300
  [1m[35m (0.2ms)[0m  [1m[34mSELECT "schema_migrations"."version" FROM "schema_migrations" ORDER BY "schema_migrations"."version" ASC[0m
  ↳ /var/lib/gems/2.5.0/gems/activerecord-5.2.1/lib/active_record/log_subscriber.rb:98
  
SyntaxError (/home/estevao/Documents/api-rails-crud-auth/api-crud/app/controllers/filmes_controller.rb:6: dynamic constant assignment
        Person = Struct.new(:name, :phone)
               ^):
  
app/controllers/filmes_controller.rb:6: dynamic constant assignment
  [1m[35m (0.1ms)[0m  [1m[34mSELECT "schema_migrations"."version" FROM "schema_migrations" ORDER BY "schema_migrations"."version" ASC[0m
  ↳ /usr/lib/ruby/vendor_ruby/rake/task.rb:271
  [1m[36mActiveRecord::InternalMetadata Load (0.1ms)[0m  [1m[34mSELECT  "ar_internal_metadata".* FROM "ar_internal_metadata" WHERE "ar_internal_metadata"."key" = ? LIMIT ?[0m  [["key", "environment"], ["LIMIT", 1]]
  ↳ /usr/lib/ruby/vendor_ruby/rake/task.rb:271
  [1m[35m (0.1ms)[0m  [1m[36mbegin transaction[0m
  ↳ /usr/lib/ruby/vendor_ruby/rake/task.rb:271
  [1m[35m (0.1ms)[0m  [1m[36mcommit transaction[0m
  ↳ /usr/lib/ruby/vendor_ruby/rake/task.rb:271
  [1m[35m (0.1ms)[0m  [1m[34mSELECT "schema_migrations"."version" FROM "schema_migrations" ORDER BY "schema_migrations"."version" ASC[0m
  ↳ /usr/lib/ruby/vendor_ruby/rake/task.rb:271
Started GET "/filmes" for 127.0.0.1 at 2018-10-21 15:37:00 -0300
  [1m[35m (0.1ms)[0m  [1m[34mSELECT "schema_migrations"."version" FROM "schema_migrations" ORDER BY "schema_migrations"."version" ASC[0m
  ↳ /var/lib/gems/2.5.0/gems/activerecord-5.2.1/lib/active_record/log_subscriber.rb:98
Processing by FilmesController#index as HTML
  [1m[36mFilme Load (0.2ms)[0m  [1m[34mSELECT "filmes".* FROM "filmes"[0m
  ↳ app/controllers/concerns/response.rb:3
Completed 200 OK in 5ms (Views: 1.2ms | ActiveRecord: 0.4ms)


Started POST "/filmes" for 127.0.0.1 at 2018-10-21 15:39:40 -0300
Processing by FilmesController#create as */*
  Parameters: {"titulo"=>"Lobo de Wall Street", "created_by"=>"admin"}
  [1m[35m (0.0ms)[0m  [1m[36mbegin transaction[0m
  ↳ app/controllers/filmes_controller.rb:12
  [1m[36mFilme Create (0.9ms)[0m  [1m[32mINSERT INTO "filmes" ("titulo", "created_by", "created_at", "updated_at") VALUES (?, ?, ?, ?)[0m  [["titulo", "Lobo de Wall Street"], ["created_by", "admin"], ["created_at", "2018-10-21 18:39:40.174396"], ["updated_at", "2018-10-21 18:39:40.174396"]]
  ↳ app/controllers/filmes_controller.rb:12
  [1m[35m (94.1ms)[0m  [1m[36mcommit transaction[0m
  ↳ app/controllers/filmes_controller.rb:12
Completed 201 Created in 102ms (Views: 0.4ms | ActiveRecord: 95.4ms)


Started GET "/filmes" for 127.0.0.1 at 2018-10-21 15:39:46 -0300
Processing by FilmesController#index as HTML
  [1m[36mFilme Load (0.7ms)[0m  [1m[34mSELECT "filmes".* FROM "filmes"[0m
  ↳ app/controllers/concerns/response.rb:3
Completed 200 OK in 10ms (Views: 7.9ms | ActiveRecord: 0.7ms)


Started POST "/filmes" for 127.0.0.1 at 2018-10-21 15:40:22 -0300
Processing by FilmesController#create as */*
  Parameters: {"titulo"=>"Os incriveis", "created_by"=>"admin"}
  [1m[35m (0.1ms)[0m  [1m[36mbegin transaction[0m
  ↳ app/controllers/filmes_controller.rb:12
  [1m[36mFilme Create (0.3ms)[0m  [1m[32mINSERT INTO "filmes" ("titulo", "created_by", "created_at", "updated_at") VALUES (?, ?, ?, ?)[0m  [["titulo", "Os incriveis"], ["created_by", "admin"], ["created_at", "2018-10-21 18:40:22.006193"], ["updated_at", "2018-10-21 18:40:22.006193"]]
  ↳ app/controllers/filmes_controller.rb:12
  [1m[35m (62.8ms)[0m  [1m[36mcommit transaction[0m
  ↳ app/controllers/filmes_controller.rb:12
Completed 201 Created in 67ms (Views: 0.3ms | ActiveRecord: 63.1ms)


Started GET "/filmes" for 127.0.0.1 at 2018-10-21 15:40:24 -0300
Processing by FilmesController#index as HTML
  [1m[36mFilme Load (0.8ms)[0m  [1m[34mSELECT "filmes".* FROM "filmes"[0m
  ↳ app/controllers/concerns/response.rb:3
Completed 200 OK in 7ms (Views: 5.3ms | ActiveRecord: 0.8ms)


Started DELETE "/filmes/1" for 127.0.0.1 at 2018-10-21 15:40:57 -0300
Processing by FilmesController#destroy as */*
  Parameters: {"id"=>"1"}
  [1m[36mFilme Load (0.2ms)[0m  [1m[34mSELECT  "filmes".* FROM "filmes" WHERE "filmes"."id" = ? LIMIT ?[0m  [["id", 1], ["LIMIT", 1]]
  ↳ app/controllers/filmes_controller.rb:34
  [1m[35m (0.1ms)[0m  [1m[36mbegin transaction[0m
  ↳ app/controllers/filmes_controller.rb:23
  [1m[36mFilme Destroy (4.6ms)[0m  [1m[31mDELETE FROM "filmes" WHERE "filmes"."id" = ?[0m  [["id", 1]]
  ↳ app/controllers/filmes_controller.rb:23
  [1m[35m (86.4ms)[0m  [1m[36mcommit transaction[0m
  ↳ app/controllers/filmes_controller.rb:23
Completed 204 No Content in 108ms (ActiveRecord: 91.3ms)


Started GET "/filmes" for 127.0.0.1 at 2018-10-21 15:41:02 -0300
Processing by FilmesController#index as HTML
  [1m[36mFilme Load (0.7ms)[0m  [1m[34mSELECT "filmes".* FROM "filmes"[0m
  ↳ app/controllers/concerns/response.rb:3
Completed 200 OK in 10ms (Views: 8.3ms | ActiveRecord: 0.7ms)


Started DELETE "/filmes/1" for 127.0.0.1 at 2018-10-21 15:41:35 -0300
Processing by FilmesController#destroy as */*
  Parameters: {"titulo"=>"O Lobo de Wall Street", "created_by"=>"admin", "id"=>"1"}
  [1m[36mFilme Load (0.1ms)[0m  [1m[34mSELECT  "filmes".* FROM "filmes" WHERE "filmes"."id" = ? LIMIT ?[0m  [["id", 1], ["LIMIT", 1]]
  ↳ app/controllers/filmes_controller.rb:34
Completed 404 Not Found in 1ms (Views: 0.1ms | ActiveRecord: 0.1ms)


Started POST "/filmes/" for 127.0.0.1 at 2018-10-21 15:41:44 -0300
Processing by FilmesController#create as */*
  Parameters: {"titulo"=>"O Lobo de Wall Street", "created_by"=>"admin"}
  [1m[35m (0.1ms)[0m  [1m[36mbegin transaction[0m
  ↳ app/controllers/filmes_controller.rb:12
  [1m[36mFilme Create (0.2ms)[0m  [1m[32mINSERT INTO "filmes" ("titulo", "created_by", "created_at", "updated_at") VALUES (?, ?, ?, ?)[0m  [["titulo", "O Lobo de Wall Street"], ["created_by", "admin"], ["created_at", "2018-10-21 18:41:44.344125"], ["updated_at", "2018-10-21 18:41:44.344125"]]
  ↳ app/controllers/filmes_controller.rb:12
  [1m[35m (84.2ms)[0m  [1m[36mcommit transaction[0m
  ↳ app/controllers/filmes_controller.rb:12
Completed 201 Created in 93ms (Views: 0.3ms | ActiveRecord: 84.6ms)


Started GET "/filmes" for 127.0.0.1 at 2018-10-21 15:41:50 -0300
Processing by FilmesController#index as HTML
  [1m[36mFilme Load (4.1ms)[0m  [1m[34mSELECT "filmes".* FROM "filmes"[0m
  ↳ app/controllers/concerns/response.rb:3
Completed 200 OK in 10ms (Views: 5.4ms | ActiveRecord: 4.1ms)


Started POST "/filmes/1" for 127.0.0.1 at 2018-10-21 15:42:03 -0300
  
ActionController::RoutingError (No route matches [POST] "/filmes/1"):
  
actionpack (5.2.1) lib/action_dispatch/middleware/debug_exceptions.rb:65:in `call'
actionpack (5.2.1) lib/action_dispatch/middleware/show_exceptions.rb:33:in `call'
railties (5.2.1) lib/rails/rack/logger.rb:38:in `call_app'
railties (5.2.1) lib/rails/rack/logger.rb:26:in `block in call'
activesupport (5.2.1) lib/active_support/tagged_logging.rb:71:in `block in tagged'
activesupport (5.2.1) lib/active_support/tagged_logging.rb:28:in `tagged'
activesupport (5.2.1) lib/active_support/tagged_logging.rb:71:in `tagged'
railties (5.2.1) lib/rails/rack/logger.rb:26:in `call'
actionpack (5.2.1) lib/action_dispatch/middleware/remote_ip.rb:81:in `call'
actionpack (5.2.1) lib/action_dispatch/middleware/request_id.rb:27:in `call'
rack (2.0.5) lib/rack/runtime.rb:22:in `call'
activesupport (5.2.1) lib/active_support/cache/strategy/local_cache_middleware.rb:29:in `call'
actionpack (5.2.1) lib/action_dispatch/middleware/executor.rb:14:in `call'
actionpack (5.2.1) lib/action_dispatch/middleware/static.rb:127:in `call'
rack (2.0.5) lib/rack/sendfile.rb:111:in `call'
railties (5.2.1) lib/rails/engine.rb:524:in `call'
puma (3.12.0) lib/puma/configuration.rb:225:in `call'
puma (3.12.0) lib/puma/server.rb:658:in `handle_request'
puma (3.12.0) lib/puma/server.rb:472:in `process_client'
puma (3.12.0) lib/puma/server.rb:332:in `block in run'
puma (3.12.0) lib/puma/thread_pool.rb:133:in `block in spawn_thread'
Started POST "/filmes/2" for 127.0.0.1 at 2018-10-21 15:42:08 -0300
  
ActionController::RoutingError (No route matches [POST] "/filmes/2"):
  
actionpack (5.2.1) lib/action_dispatch/middleware/debug_exceptions.rb:65:in `call'
actionpack (5.2.1) lib/action_dispatch/middleware/show_exceptions.rb:33:in `call'
railties (5.2.1) lib/rails/rack/logger.rb:38:in `call_app'
railties (5.2.1) lib/rails/rack/logger.rb:26:in `block in call'
activesupport (5.2.1) lib/active_support/tagged_logging.rb:71:in `block in tagged'
activesupport (5.2.1) lib/active_support/tagged_logging.rb:28:in `tagged'
activesupport (5.2.1) lib/active_support/tagged_logging.rb:71:in `tagged'
railties (5.2.1) lib/rails/rack/logger.rb:26:in `call'
actionpack (5.2.1) lib/action_dispatch/middleware/remote_ip.rb:81:in `call'
actionpack (5.2.1) lib/action_dispatch/middleware/request_id.rb:27:in `call'
rack (2.0.5) lib/rack/runtime.rb:22:in `call'
activesupport (5.2.1) lib/active_support/cache/strategy/local_cache_middleware.rb:29:in `call'
actionpack (5.2.1) lib/action_dispatch/middleware/executor.rb:14:in `call'
actionpack (5.2.1) lib/action_dispatch/middleware/static.rb:127:in `call'
rack (2.0.5) lib/rack/sendfile.rb:111:in `call'
railties (5.2.1) lib/rails/engine.rb:524:in `call'
puma (3.12.0) lib/puma/configuration.rb:225:in `call'
puma (3.12.0) lib/puma/server.rb:658:in `handle_request'
puma (3.12.0) lib/puma/server.rb:472:in `process_client'
puma (3.12.0) lib/puma/server.rb:332:in `block in run'
puma (3.12.0) lib/puma/thread_pool.rb:133:in `block in spawn_thread'
Started GET "/filmes/2" for 127.0.0.1 at 2018-10-21 15:42:11 -0300
Processing by FilmesController#show as */*
  Parameters: {"id"=>"2"}
  [1m[36mFilme Load (0.1ms)[0m  [1m[34mSELECT  "filmes".* FROM "filmes" WHERE "filmes"."id" = ? LIMIT ?[0m  [["id", 2], ["LIMIT", 1]]
  ↳ app/controllers/filmes_controller.rb:34
Completed 200 OK in 1ms (Views: 0.4ms | ActiveRecord: 0.1ms)


